<?xml version="1.0" encoding="UTF-8"?>
<!-- Generated by org.testng.reporters.JUnitReportReporter -->
<testsuite skipped="0" hostname="RCT-7D020565H" name="com.insureincanada.testCases.SuperVisaInsurancePageTest" tests="5" failures="0" timestamp="2020-08-02T00:37:36 EDT" time="21.447" errors="0">
  <testcase name="singlePolicy_SV_BlankAge_VerifyErrorMsg" time="8.248" classname="com.insureincanada.testCases.SuperVisaInsurancePageTest"/>
  <system-out/>
  <testcase name="singlePolicy_SV_GetQuote_DiffAge_restDefault" time="7.403" classname="com.insureincanada.testCases.SuperVisaInsurancePageTest"/>
  <system-out/>
  <testcase name="singlePolicy_SV_isContinousButtonClickable" time="1.958" classname="com.insureincanada.testCases.SuperVisaInsurancePageTest"/>
  <system-out/>
  <testcase name="singlePolicy_SV_GetTitle_AfterContinueButtonClick" time="1.707" classname="com.insureincanada.testCases.SuperVisaInsurancePageTest"/>
  <system-out/>
  <testcase name="singlePolicy_SV_GetQuote_DiffAge_restDefault" time="2.131" classname="com.insureincanada.testCases.SuperVisaInsurancePageTest"/>
  <system-out/>
</testsuite> <!-- com.insureincanada.testCases.SuperVisaInsurancePageTest -->
