<?xml version="1.0" encoding="UTF-8"?>
<!-- Generated by org.testng.reporters.JUnitReportReporter -->
<testsuite skipped="0" hostname="RCT-7D020565H" name="com.insureincanada.testCases.LogoTest" tests="1" failures="0" timestamp="2020-08-02T00:37:36 EDT" time="1.461" errors="0">
  <testcase name="clickOnLogo" time="1.461" classname="com.insureincanada.testCases.LogoTest"/>
  <system-out/>
</testsuite> <!-- com.insureincanada.testCases.LogoTest -->
