<?xml version="1.0" encoding="UTF-8"?>
<!-- Generated by org.testng.reporters.JUnitReportReporter -->
<testsuite skipped="0" hostname="RCT-7D020565H" name="com.insureincanada.testCases.SuperVisaInsurancePageTest" tests="5" failures="0" timestamp="2020-07-31T01:11:06 EDT" time="13.416" errors="0">
  <testcase name="singlePolicy_SV_BlankAge_VerifyErrorMsg" time="7.210" classname="com.insureincanada.testCases.SuperVisaInsurancePageTest"/>
  <system-out/>
  <testcase name="singlePolicy_SV_GetQuote_DiffAge_restDefault" time="1.367" classname="com.insureincanada.testCases.SuperVisaInsurancePageTest"/>
  <system-out/>
  <testcase name="singlePolicy_SV_GetQuote_DiffAge_restDefault" time="1.778" classname="com.insureincanada.testCases.SuperVisaInsurancePageTest"/>
  <system-out/>
  <testcase name="singlePolicy_SV_GetTitle_AfterContinueButtonClick" time="1.299" classname="com.insureincanada.testCases.SuperVisaInsurancePageTest"/>
  <system-out/>
  <testcase name="singlePolicy_SV_isContinousButtonClickable" time="1.762" classname="com.insureincanada.testCases.SuperVisaInsurancePageTest"/>
  <system-out/>
</testsuite> <!-- com.insureincanada.testCases.SuperVisaInsurancePageTest -->
