<?xml version="1.0" encoding="UTF-8"?>
<!-- Generated by org.testng.reporters.JUnitReportReporter -->
<testsuite skipped="0" hostname="RCT-7D020565H" name="com.insureincanada.testCases.HomePageTest" tests="3" failures="0" timestamp="2020-07-31T01:11:06 EDT" time="2.623" errors="0">
  <testcase name="superVisaTitle" time="1.211" classname="com.insureincanada.testCases.HomePageTest"/>
  <system-out/>
  <testcase name="homePageNavigaiton" time="0.020" classname="com.insureincanada.testCases.HomePageTest"/>
  <system-out/>
  <testcase name="superVisaSinglePolicyInitialInfoDefaultDate" time="1.392" classname="com.insureincanada.testCases.HomePageTest"/>
  <system-out/>
</testsuite> <!-- com.insureincanada.testCases.HomePageTest -->
